Start testing: Oct 12 01:41 MSK
----------------------------------------------------------
1/1 Testing: MainTest
1/1 Test: MainTest
Command: "/Users/egorbedov/CLionProjects/TechnoPark-DeepCee/tests.out"
Directory: /Users/egorbedov/CLionProjects/TechnoPark-DeepCee
"MainTest" start time: Oct 12 01:41 MSK
Output:
----------------------------------------------------------
OK
<end of output>
Test time =   0.01 sec
----------------------------------------------------------
Test Pass Reason:
Required regular expression found.Regex=[OK
]
"MainTest" end time: Oct 12 01:41 MSK
"MainTest" time elapsed: 00:00:00
----------------------------------------------------------

End testing: Oct 12 01:41 MSK
